2021-12-14 19:53:30.269  INFO 49002 --- [restartedMain] rs.myst.backend.BackendApplication       : Starting BackendApplication using Java 17.0.1 on arch with PID 49002 (/home/codemyst/fax/ris/BlogMyst/backend/target/classes started by codemyst in /home/codemyst/fax/ris/BlogMyst/backend)
2021-12-14 19:53:30.276  INFO 49002 --- [restartedMain] rs.myst.backend.BackendApplication       : No active profile set, falling back to default profiles: default
2021-12-14 19:53:30.322  INFO 49002 --- [restartedMain] .e.DevToolsPropertyDefaultsPostProcessor : Devtools property defaults active! Set 'spring.devtools.add-properties' to 'false' to disable
2021-12-14 19:53:30.323  INFO 49002 --- [restartedMain] .e.DevToolsPropertyDefaultsPostProcessor : For additional web related logging consider setting the 'logging.level.web' property to 'DEBUG'
2021-12-14 19:53:30.844  INFO 49002 --- [restartedMain] .s.d.r.c.RepositoryConfigurationDelegate : Bootstrapping Spring Data JPA repositories in DEFAULT mode.
2021-12-14 19:53:30.856  INFO 49002 --- [restartedMain] .s.d.r.c.RepositoryConfigurationDelegate : Finished Spring Data repository scanning in 4 ms. Found 0 JPA repository interfaces.
2021-12-14 19:53:31.256  INFO 49002 --- [restartedMain] o.s.b.w.embedded.tomcat.TomcatWebServer  : Tomcat initialized with port(s): 8080 (http)
2021-12-14 19:53:31.263  INFO 49002 --- [restartedMain] o.apache.catalina.core.StandardService   : Starting service [Tomcat]
2021-12-14 19:53:31.263  INFO 49002 --- [restartedMain] org.apache.catalina.core.StandardEngine  : Starting Servlet engine: [Apache Tomcat/9.0.55]
2021-12-14 19:53:31.317  INFO 49002 --- [restartedMain] o.a.c.c.C.[Tomcat].[localhost].[/]       : Initializing Spring embedded WebApplicationContext
2021-12-14 19:53:31.317  INFO 49002 --- [restartedMain] w.s.c.ServletWebServerApplicationContext : Root WebApplicationContext: initialization completed in 994 ms
2021-12-14 19:53:31.427  INFO 49002 --- [restartedMain] com.zaxxer.hikari.HikariDataSource       : HikariPool-1 - Starting...
2021-12-14 19:53:31.472  INFO 49002 --- [restartedMain] com.zaxxer.hikari.HikariDataSource       : HikariPool-1 - Start completed.
2021-12-14 19:53:31.833  INFO 49002 --- [restartedMain] j.LocalContainerEntityManagerFactoryBean : Initialized JPA EntityManagerFactory for persistence unit 'default'
2021-12-14 19:53:31.871  WARN 49002 --- [restartedMain] JpaBaseConfiguration$JpaWebConfiguration : spring.jpa.open-in-view is enabled by default. Therefore, database queries may be performed during view rendering. Explicitly configure spring.jpa.open-in-view to disable this warning
2021-12-14 19:53:32.144  INFO 49002 --- [restartedMain] o.s.b.d.a.OptionalLiveReloadServer       : LiveReload server is running on port 35729
2021-12-14 19:53:32.172  INFO 49002 --- [restartedMain] o.s.b.w.embedded.tomcat.TomcatWebServer  : Tomcat started on port(s): 8080 (http) with context path ''
2021-12-14 19:53:32.184  INFO 49002 --- [restartedMain] rs.myst.backend.BackendApplication       : Started BackendApplication in 2.284 seconds (JVM running for 3.217)
2021-12-14 19:53:42.928  INFO 49002 --- [http-nio-8080-exec-1] o.a.c.c.C.[Tomcat].[localhost].[/]       : Initializing Spring DispatcherServlet 'dispatcherServlet'
2021-12-14 19:53:42.928  INFO 49002 --- [http-nio-8080-exec-1] o.s.web.servlet.DispatcherServlet        : Initializing Servlet 'dispatcherServlet'
2021-12-14 19:53:42.929  INFO 49002 --- [http-nio-8080-exec-1] o.s.web.servlet.DispatcherServlet        : Completed initialization in 1 ms
